<?xml version="1.0" encoding="UTF-8"?>
<!-- Generated by org.testng.reporters.JUnitXMLReporter -->
<testsuite ignored="4" hostname="DESKTOP-12GSMGI" failures="0" tests="5" name="Default test" time="29.748" errors="0" timestamp="2025-02-05T14:42:30 EST">
  <testcase classname="test.Login" name="verifyLoggingIntoApplicationUsingValidCredentials" time="1.522"/>
  <testcase classname="test.Login" name="verifyLoggingIntoApplicationUsingValidCredentials" time="1.386"/>
  <testcase classname="test.Login" name="verifyLoggingIntoApplicationUsingValidCredentials" time="1.296"/>
  <testcase classname="test.Login" name="verifyLoggingIntoApplicationUsingValidCredentials" time="1.321"/>
  <testcase classname="test.Login" name="verifyLoggingIntoApplicationUsingValidCredentials" time="1.448"/>
  <testcase classname="test.Login" name="verifyLoggingIntoApplicationUsingInValidCredentials" time="0.0">
    <ignored/>
  </testcase> <!-- verifyLoggingIntoApplicationUsingInValidCredentials -->
  <testcase classname="test.Login" name="verifyLoggingIntoApplicationUsingValidEmailAndInvalidPassword" time="0.0">
    <ignored/>
  </testcase> <!-- verifyLoggingIntoApplicationUsingValidEmailAndInvalidPassword -->
  <testcase classname="test.Login" name="verifyLoggingIntoApplicationUsingWithoutEnteringCredentials" time="0.0">
    <ignored/>
  </testcase> <!-- verifyLoggingIntoApplicationUsingWithoutEnteringCredentials -->
  <testcase classname="test.Login" name="verifyLoggingIntoApplicationUsingInValidEmailAndValidPassword" time="0.0">
    <ignored/>
  </testcase> <!-- verifyLoggingIntoApplicationUsingInValidEmailAndValidPassword -->
</testsuite> <!-- Default test -->
