<?xml version="1.0" encoding="UTF-8"?>
<testng-results ignored="0" total="17" passed="16" failed="1" skipped="0">
  <reporter-output>
  </reporter-output>
  <suite started-at="2025-02-17T14:04:03 EST" name="Suite" finished-at="2025-02-17T14:06:15 EST" duration-ms="132555">
    <groups>
    </groups>
    <test started-at="2025-02-17T14:04:03 EST" name="Test" finished-at="2025-02-17T14:06:15 EST" duration-ms="132555">
      <class name="test.RegisterTest">
        <test-method is-config="true" signature="setup()[pri:0, instance:test.RegisterTest@498d318c]" started-at="2025-02-17T14:04:03 EST" name="setup" finished-at="2025-02-17T14:04:09 EST" duration-ms="5828" status="PASS">
          <reporter-output>
          </reporter-output>
        </test-method> <!-- setup -->
        <test-method signature="verifyRegisteringUsingMandatoryFields()[pri:1, instance:test.RegisterTest@498d318c]" started-at="2025-02-17T14:04:09 EST" name="verifyRegisteringUsingMandatoryFields" finished-at="2025-02-17T14:04:12 EST" duration-ms="2681" status="PASS">
          <reporter-output>
          </reporter-output>
        </test-method> <!-- verifyRegisteringUsingMandatoryFields -->
        <test-method is-config="true" signature="teardown()[pri:0, instance:test.RegisterTest@498d318c]" started-at="2025-02-17T14:04:12 EST" name="teardown" finished-at="2025-02-17T14:04:12 EST" duration-ms="190" status="PASS">
          <reporter-output>
          </reporter-output>
        </test-method> <!-- teardown -->
        <test-method is-config="true" signature="setup()[pri:0, instance:test.RegisterTest@498d318c]" started-at="2025-02-17T14:04:12 EST" name="setup" finished-at="2025-02-17T14:04:17 EST" duration-ms="5501" status="PASS">
          <reporter-output>
          </reporter-output>
        </test-method> <!-- setup -->
        <test-method signature="verifyRegisteringUsingAllFields()[pri:2, instance:test.RegisterTest@498d318c]" started-at="2025-02-17T14:04:17 EST" name="verifyRegisteringUsingAllFields" finished-at="2025-02-17T14:04:20 EST" duration-ms="2738" status="PASS">
          <reporter-output>
          </reporter-output>
        </test-method> <!-- verifyRegisteringUsingAllFields -->
        <test-method is-config="true" signature="teardown()[pri:0, instance:test.RegisterTest@498d318c]" started-at="2025-02-17T14:04:20 EST" name="teardown" finished-at="2025-02-17T14:04:20 EST" duration-ms="156" status="PASS">
          <reporter-output>
          </reporter-output>
        </test-method> <!-- teardown -->
        <test-method is-config="true" signature="setup()[pri:0, instance:test.RegisterTest@498d318c]" started-at="2025-02-17T14:04:20 EST" name="setup" finished-at="2025-02-17T14:04:25 EST" duration-ms="5176" status="PASS">
          <reporter-output>
          </reporter-output>
        </test-method> <!-- setup -->
        <test-method signature="verifyRegisteringAccountByUsingYesNewsletterOption()[pri:3, instance:test.RegisterTest@498d318c]" started-at="2025-02-17T14:04:25 EST" name="verifyRegisteringAccountByUsingYesNewsletterOption" finished-at="2025-02-17T14:04:28 EST" duration-ms="3111" status="PASS">
          <reporter-output>
          </reporter-output>
        </test-method> <!-- verifyRegisteringAccountByUsingYesNewsletterOption -->
        <test-method is-config="true" signature="teardown()[pri:0, instance:test.RegisterTest@498d318c]" started-at="2025-02-17T14:04:28 EST" name="teardown" finished-at="2025-02-17T14:04:29 EST" duration-ms="202" status="PASS">
          <reporter-output>
          </reporter-output>
        </test-method> <!-- teardown -->
        <test-method is-config="true" signature="setup()[pri:0, instance:test.RegisterTest@498d318c]" started-at="2025-02-17T14:04:29 EST" name="setup" finished-at="2025-02-17T14:04:34 EST" duration-ms="4961" status="PASS">
          <reporter-output>
          </reporter-output>
        </test-method> <!-- setup -->
        <test-method signature="verifyRegisteringAccountByUsingNoNewsletterOption()[pri:4, instance:test.RegisterTest@498d318c]" started-at="2025-02-17T14:04:34 EST" name="verifyRegisteringAccountByUsingNoNewsletterOption" finished-at="2025-02-17T14:04:37 EST" duration-ms="3018" status="PASS">
          <reporter-output>
          </reporter-output>
        </test-method> <!-- verifyRegisteringAccountByUsingNoNewsletterOption -->
        <test-method is-config="true" signature="teardown()[pri:0, instance:test.RegisterTest@498d318c]" started-at="2025-02-17T14:04:37 EST" name="teardown" finished-at="2025-02-17T14:04:37 EST" duration-ms="136" status="PASS">
          <reporter-output>
          </reporter-output>
        </test-method> <!-- teardown -->
        <test-method is-config="true" signature="setup()[pri:0, instance:test.RegisterTest@498d318c]" started-at="2025-02-17T14:04:37 EST" name="setup" finished-at="2025-02-17T14:04:42 EST" duration-ms="5539" status="PASS">
          <reporter-output>
          </reporter-output>
        </test-method> <!-- setup -->
        <test-method signature="verifyPrivacyPolicySelectionStatusInRegisteringAccountPage()[pri:5, instance:test.RegisterTest@498d318c]" started-at="2025-02-17T14:04:42 EST" name="verifyPrivacyPolicySelectionStatusInRegisteringAccountPage" finished-at="2025-02-17T14:04:42 EST" duration-ms="65" status="FAIL">
          <exception class="java.lang.AssertionError">
            <message>
              <![CDATA[expected [true] but found [false]]]>
            </message>
            <full-stacktrace>
              <![CDATA[java.lang.AssertionError: expected [true] but found [false]
at org.testng.Assert.fail(Assert.java:111)
at org.testng.Assert.failNotEquals(Assert.java:1578)
at org.testng.Assert.assertTrue(Assert.java:57)
at org.testng.Assert.assertTrue(Assert.java:67)
at test.RegisterTest.verifyPrivacyPolicySelectionStatusInRegisteringAccountPage(RegisterTest.java:109)
at java.base/jdk.internal.reflect.DirectMethodHandleAccessor.invoke(DirectMethodHandleAccessor.java:103)
at java.base/java.lang.reflect.Method.invoke(Method.java:580)
at org.testng.internal.invokers.MethodInvocationHelper.invokeMethod(MethodInvocationHelper.java:141)
at org.testng.internal.invokers.TestInvoker.invokeMethod(TestInvoker.java:686)
at org.testng.internal.invokers.TestInvoker.invokeTestMethod(TestInvoker.java:230)
at org.testng.internal.invokers.MethodRunner.runInSequence(MethodRunner.java:63)
at org.testng.internal.invokers.TestInvoker$MethodInvocationAgent.invoke(TestInvoker.java:992)
at org.testng.internal.invokers.TestInvoker.invokeTestMethods(TestInvoker.java:203)
at org.testng.internal.invokers.TestMethodWorker.invokeTestMethods(TestMethodWorker.java:154)
at org.testng.internal.invokers.TestMethodWorker.run(TestMethodWorker.java:134)
at java.base/java.util.ArrayList.forEach(ArrayList.java:1596)
at org.testng.TestRunner.privateRun(TestRunner.java:739)
at org.testng.TestRunner.run(TestRunner.java:614)
at org.testng.SuiteRunner.runTest(SuiteRunner.java:421)
at org.testng.SuiteRunner.runSequentially(SuiteRunner.java:413)
at org.testng.SuiteRunner.privateRun(SuiteRunner.java:373)
at org.testng.SuiteRunner.run(SuiteRunner.java:312)
at org.testng.SuiteRunnerWorker.runSuite(SuiteRunnerWorker.java:52)
at org.testng.SuiteRunnerWorker.run(SuiteRunnerWorker.java:95)
at org.testng.TestNG.runSuitesSequentially(TestNG.java:1274)
at org.testng.TestNG.runSuitesLocally(TestNG.java:1208)
at org.testng.TestNG.runSuites(TestNG.java:1112)
at org.testng.TestNG.run(TestNG.java:1079)
at org.apache.maven.surefire.testng.TestNGExecutor.run(TestNGExecutor.java:308)
at org.apache.maven.surefire.testng.TestNGXmlTestSuite.execute(TestNGXmlTestSuite.java:71)
at org.apache.maven.surefire.testng.TestNGProvider.invoke(TestNGProvider.java:113)
at org.apache.maven.surefire.booter.ForkedBooter.runSuitesInProcess(ForkedBooter.java:385)
at org.apache.maven.surefire.booter.ForkedBooter.execute(ForkedBooter.java:162)
at org.apache.maven.surefire.booter.ForkedBooter.run(ForkedBooter.java:507)
at org.apache.maven.surefire.booter.ForkedBooter.main(ForkedBooter.java:495)
]]>
            </full-stacktrace>
          </exception> <!-- java.lang.AssertionError -->
          <reporter-output>
          </reporter-output>
        </test-method> <!-- verifyPrivacyPolicySelectionStatusInRegisteringAccountPage -->
        <test-method is-config="true" signature="teardown()[pri:0, instance:test.RegisterTest@498d318c]" started-at="2025-02-17T14:04:42 EST" name="teardown" finished-at="2025-02-17T14:04:43 EST" duration-ms="206" status="PASS">
          <reporter-output>
          </reporter-output>
        </test-method> <!-- teardown -->
      </class> <!-- test.RegisterTest -->
      <class name="test.LoginTest">
        <test-method is-config="true" signature="setup()[pri:0, instance:test.LoginTest@515aebb0]" started-at="2025-02-17T14:04:43 EST" name="setup" finished-at="2025-02-17T14:04:48 EST" duration-ms="4883" status="PASS">
          <reporter-output>
          </reporter-output>
        </test-method> <!-- setup -->
        <test-method signature="verifyLoggingIntoApplicationUsingValidCredentials(java.util.HashMap)[pri:1, instance:test.LoginTest@515aebb0]" started-at="2025-02-17T14:04:48 EST" name="verifyLoggingIntoApplicationUsingValidCredentials" data-provider="validCredentialsSupplier" finished-at="2025-02-17T14:04:49 EST" duration-ms="1451" status="PASS">
          <params>
            <param index="0">
              <value>
                <![CDATA[{Email=amotooribatch5fone1@gmail.com, Password=abcde}]]>
              </value>
            </param>
          </params>
          <reporter-output>
          </reporter-output>
        </test-method> <!-- verifyLoggingIntoApplicationUsingValidCredentials -->
        <test-method is-config="true" signature="teardown()[pri:0, instance:test.LoginTest@515aebb0]" started-at="2025-02-17T14:04:49 EST" name="teardown" finished-at="2025-02-17T14:04:50 EST" duration-ms="181" status="PASS">
          <reporter-output>
          </reporter-output>
        </test-method> <!-- teardown -->
        <test-method is-config="true" signature="setup()[pri:0, instance:test.LoginTest@515aebb0]" started-at="2025-02-17T14:04:50 EST" name="setup" finished-at="2025-02-17T14:04:55 EST" duration-ms="5019" status="PASS">
          <reporter-output>
          </reporter-output>
        </test-method> <!-- setup -->
        <test-method signature="verifyLoggingIntoApplicationUsingValidCredentials(java.util.HashMap)[pri:1, instance:test.LoginTest@515aebb0]" started-at="2025-02-17T14:04:55 EST" name="verifyLoggingIntoApplicationUsingValidCredentials" data-provider="validCredentialsSupplier" finished-at="2025-02-17T14:04:56 EST" duration-ms="1408" status="PASS">
          <params>
            <param index="0">
              <value>
                <![CDATA[{Email=amotooribatch5fone2@gmail.com, Password=abcde}]]>
              </value>
            </param>
          </params>
          <reporter-output>
          </reporter-output>
        </test-method> <!-- verifyLoggingIntoApplicationUsingValidCredentials -->
        <test-method is-config="true" signature="teardown()[pri:0, instance:test.LoginTest@515aebb0]" started-at="2025-02-17T14:04:56 EST" name="teardown" finished-at="2025-02-17T14:04:56 EST" duration-ms="227" status="PASS">
          <reporter-output>
          </reporter-output>
        </test-method> <!-- teardown -->
        <test-method is-config="true" signature="setup()[pri:0, instance:test.LoginTest@515aebb0]" started-at="2025-02-17T14:04:56 EST" name="setup" finished-at="2025-02-17T14:05:01 EST" duration-ms="4325" status="PASS">
          <reporter-output>
          </reporter-output>
        </test-method> <!-- setup -->
        <test-method signature="verifyLoggingIntoApplicationUsingValidCredentials(java.util.HashMap)[pri:1, instance:test.LoginTest@515aebb0]" started-at="2025-02-17T14:05:01 EST" name="verifyLoggingIntoApplicationUsingValidCredentials" data-provider="validCredentialsSupplier" finished-at="2025-02-17T14:05:04 EST" duration-ms="3115" status="PASS">
          <params>
            <param index="0">
              <value>
                <![CDATA[{Email=amotooribatch5fone3@gmail.com, Password=abcde}]]>
              </value>
            </param>
          </params>
          <reporter-output>
          </reporter-output>
        </test-method> <!-- verifyLoggingIntoApplicationUsingValidCredentials -->
        <test-method is-config="true" signature="teardown()[pri:0, instance:test.LoginTest@515aebb0]" started-at="2025-02-17T14:05:04 EST" name="teardown" finished-at="2025-02-17T14:05:04 EST" duration-ms="272" status="PASS">
          <reporter-output>
          </reporter-output>
        </test-method> <!-- teardown -->
        <test-method is-config="true" signature="setup()[pri:0, instance:test.LoginTest@515aebb0]" started-at="2025-02-17T14:05:04 EST" name="setup" finished-at="2025-02-17T14:05:09 EST" duration-ms="5260" status="PASS">
          <reporter-output>
          </reporter-output>
        </test-method> <!-- setup -->
        <test-method signature="verifyLoggingIntoApplicationUsingValidCredentials(java.util.HashMap)[pri:1, instance:test.LoginTest@515aebb0]" started-at="2025-02-17T14:05:09 EST" name="verifyLoggingIntoApplicationUsingValidCredentials" data-provider="validCredentialsSupplier" finished-at="2025-02-17T14:05:11 EST" duration-ms="1514" status="PASS">
          <params>
            <param index="0">
              <value>
                <![CDATA[{Email=amotooribatch5fone4@gmail.com, Password=abcde}]]>
              </value>
            </param>
          </params>
          <reporter-output>
          </reporter-output>
        </test-method> <!-- verifyLoggingIntoApplicationUsingValidCredentials -->
        <test-method is-config="true" signature="teardown()[pri:0, instance:test.LoginTest@515aebb0]" started-at="2025-02-17T14:05:11 EST" name="teardown" finished-at="2025-02-17T14:05:11 EST" duration-ms="215" status="PASS">
          <reporter-output>
          </reporter-output>
        </test-method> <!-- teardown -->
        <test-method is-config="true" signature="setup()[pri:0, instance:test.LoginTest@515aebb0]" started-at="2025-02-17T14:05:11 EST" name="setup" finished-at="2025-02-17T14:05:18 EST" duration-ms="7156" status="PASS">
          <reporter-output>
          </reporter-output>
        </test-method> <!-- setup -->
        <test-method signature="verifyLoggingIntoApplicationUsingValidCredentials(java.util.HashMap)[pri:1, instance:test.LoginTest@515aebb0]" started-at="2025-02-17T14:05:18 EST" name="verifyLoggingIntoApplicationUsingValidCredentials" data-provider="validCredentialsSupplier" finished-at="2025-02-17T14:05:20 EST" duration-ms="1391" status="PASS">
          <params>
            <param index="0">
              <value>
                <![CDATA[{Email=amotooribatch5fone5@gmail.com, Password=abcde}]]>
              </value>
            </param>
          </params>
          <reporter-output>
          </reporter-output>
        </test-method> <!-- verifyLoggingIntoApplicationUsingValidCredentials -->
        <test-method is-config="true" signature="teardown()[pri:0, instance:test.LoginTest@515aebb0]" started-at="2025-02-17T14:05:20 EST" name="teardown" finished-at="2025-02-17T14:05:20 EST" duration-ms="244" status="PASS">
          <reporter-output>
          </reporter-output>
        </test-method> <!-- teardown -->
        <test-method is-config="true" signature="setup()[pri:0, instance:test.LoginTest@515aebb0]" started-at="2025-02-17T14:05:20 EST" name="setup" finished-at="2025-02-17T14:05:27 EST" duration-ms="7056" status="PASS">
          <reporter-output>
          </reporter-output>
        </test-method> <!-- setup -->
        <test-method signature="verifyLoggingIntoApplicationUsingInValidCredentials()[pri:2, instance:test.LoginTest@515aebb0]" started-at="2025-02-17T14:05:27 EST" name="verifyLoggingIntoApplicationUsingInValidCredentials" finished-at="2025-02-17T14:05:28 EST" duration-ms="1083" status="PASS">
          <reporter-output>
          </reporter-output>
        </test-method> <!-- verifyLoggingIntoApplicationUsingInValidCredentials -->
        <test-method is-config="true" signature="teardown()[pri:0, instance:test.LoginTest@515aebb0]" started-at="2025-02-17T14:05:28 EST" name="teardown" finished-at="2025-02-17T14:05:28 EST" duration-ms="204" status="PASS">
          <reporter-output>
          </reporter-output>
        </test-method> <!-- teardown -->
        <test-method is-config="true" signature="setup()[pri:0, instance:test.LoginTest@515aebb0]" started-at="2025-02-17T14:05:28 EST" name="setup" finished-at="2025-02-17T14:05:35 EST" duration-ms="7092" status="PASS">
          <reporter-output>
          </reporter-output>
        </test-method> <!-- setup -->
        <test-method signature="verifyLoggingIntoApplicationUsingInValidEmailAndValidPassword()[pri:3, instance:test.LoginTest@515aebb0]" started-at="2025-02-17T14:05:35 EST" name="verifyLoggingIntoApplicationUsingInValidEmailAndValidPassword" finished-at="2025-02-17T14:05:36 EST" duration-ms="1053" status="PASS">
          <reporter-output>
          </reporter-output>
        </test-method> <!-- verifyLoggingIntoApplicationUsingInValidEmailAndValidPassword -->
        <test-method is-config="true" signature="teardown()[pri:0, instance:test.LoginTest@515aebb0]" started-at="2025-02-17T14:05:36 EST" name="teardown" finished-at="2025-02-17T14:05:37 EST" duration-ms="213" status="PASS">
          <reporter-output>
          </reporter-output>
        </test-method> <!-- teardown -->
        <test-method is-config="true" signature="setup()[pri:0, instance:test.LoginTest@515aebb0]" started-at="2025-02-17T14:05:37 EST" name="setup" finished-at="2025-02-17T14:05:44 EST" duration-ms="7047" status="PASS">
          <reporter-output>
          </reporter-output>
        </test-method> <!-- setup -->
        <test-method signature="verifyLoggingIntoApplicationUsingValidEmailAndInvalidPassword()[pri:4, instance:test.LoginTest@515aebb0]" started-at="2025-02-17T14:05:44 EST" name="verifyLoggingIntoApplicationUsingValidEmailAndInvalidPassword" finished-at="2025-02-17T14:05:45 EST" duration-ms="1028" status="PASS">
          <reporter-output>
          </reporter-output>
        </test-method> <!-- verifyLoggingIntoApplicationUsingValidEmailAndInvalidPassword -->
        <test-method is-config="true" signature="teardown()[pri:0, instance:test.LoginTest@515aebb0]" started-at="2025-02-17T14:05:45 EST" name="teardown" finished-at="2025-02-17T14:05:45 EST" duration-ms="211" status="PASS">
          <reporter-output>
          </reporter-output>
        </test-method> <!-- teardown -->
        <test-method is-config="true" signature="setup()[pri:0, instance:test.LoginTest@515aebb0]" started-at="2025-02-17T14:05:45 EST" name="setup" finished-at="2025-02-17T14:05:52 EST" duration-ms="7297" status="PASS">
          <reporter-output>
          </reporter-output>
        </test-method> <!-- setup -->
        <test-method signature="verifyLoggingIntoApplicationUsingWithoutEnteringCredentials()[pri:5, instance:test.LoginTest@515aebb0]" started-at="2025-02-17T14:05:52 EST" name="verifyLoggingIntoApplicationUsingWithoutEnteringCredentials" finished-at="2025-02-17T14:05:53 EST" duration-ms="781" status="PASS">
          <reporter-output>
          </reporter-output>
        </test-method> <!-- verifyLoggingIntoApplicationUsingWithoutEnteringCredentials -->
        <test-method is-config="true" signature="teardown()[pri:0, instance:test.LoginTest@515aebb0]" started-at="2025-02-17T14:05:53 EST" name="teardown" finished-at="2025-02-17T14:05:53 EST" duration-ms="216" status="PASS">
          <reporter-output>
          </reporter-output>
        </test-method> <!-- teardown -->
      </class> <!-- test.LoginTest -->
      <class name="test.SearchTest">
        <test-method is-config="true" signature="steup()[pri:0, instance:test.SearchTest@dd8ba08]" started-at="2025-02-17T14:05:53 EST" name="steup" finished-at="2025-02-17T14:06:00 EST" duration-ms="6510" status="PASS">
          <reporter-output>
          </reporter-output>
        </test-method> <!-- steup -->
        <test-method signature="verifySearchingWithExistingProduct()[pri:1, instance:test.SearchTest@dd8ba08]" started-at="2025-02-17T14:06:00 EST" name="verifySearchingWithExistingProduct" finished-at="2025-02-17T14:06:00 EST" duration-ms="861" status="PASS">
          <reporter-output>
          </reporter-output>
        </test-method> <!-- verifySearchingWithExistingProduct -->
        <test-method is-config="true" signature="teardown()[pri:0, instance:test.SearchTest@dd8ba08]" started-at="2025-02-17T14:06:00 EST" name="teardown" finished-at="2025-02-17T14:06:01 EST" duration-ms="189" status="PASS">
          <reporter-output>
          </reporter-output>
        </test-method> <!-- teardown -->
        <test-method is-config="true" signature="steup()[pri:0, instance:test.SearchTest@dd8ba08]" started-at="2025-02-17T14:06:01 EST" name="steup" finished-at="2025-02-17T14:06:07 EST" duration-ms="6470" status="PASS">
          <reporter-output>
          </reporter-output>
        </test-method> <!-- steup -->
        <test-method signature="verifySearchingWithNonExistingProduct()[pri:2, instance:test.SearchTest@dd8ba08]" started-at="2025-02-17T14:06:07 EST" name="verifySearchingWithNonExistingProduct" finished-at="2025-02-17T14:06:08 EST" duration-ms="622" status="PASS">
          <reporter-output>
          </reporter-output>
        </test-method> <!-- verifySearchingWithNonExistingProduct -->
        <test-method is-config="true" signature="teardown()[pri:0, instance:test.SearchTest@dd8ba08]" started-at="2025-02-17T14:06:08 EST" name="teardown" finished-at="2025-02-17T14:06:08 EST" duration-ms="237" status="PASS">
          <reporter-output>
          </reporter-output>
        </test-method> <!-- teardown -->
        <test-method is-config="true" signature="steup()[pri:0, instance:test.SearchTest@dd8ba08]" started-at="2025-02-17T14:06:08 EST" name="steup" finished-at="2025-02-17T14:06:15 EST" duration-ms="6728" status="PASS">
          <reporter-output>
          </reporter-output>
        </test-method> <!-- steup -->
        <test-method signature="verifySearchingWithoutProvidingProduct()[pri:3, instance:test.SearchTest@dd8ba08]" started-at="2025-02-17T14:06:15 EST" name="verifySearchingWithoutProvidingProduct" finished-at="2025-02-17T14:06:15 EST" duration-ms="472" status="PASS">
          <reporter-output>
          </reporter-output>
        </test-method> <!-- verifySearchingWithoutProvidingProduct -->
        <test-method is-config="true" signature="teardown()[pri:0, instance:test.SearchTest@dd8ba08]" started-at="2025-02-17T14:06:15 EST" name="teardown" finished-at="2025-02-17T14:06:15 EST" duration-ms="179" status="PASS">
          <reporter-output>
          </reporter-output>
        </test-method> <!-- teardown -->
      </class> <!-- test.SearchTest -->
    </test> <!-- Test -->
  </suite> <!-- Suite -->
</testng-results>
