<?xml version="1.0" encoding="UTF-8"?>
<testng-results ignored="0" total="17" passed="16" failed="1" skipped="0">
  <reporter-output>
  </reporter-output>
  <suite started-at="2025-02-17T10:59:32 EST" name="Suite" finished-at="2025-02-17T11:01:30 EST" duration-ms="118341">
    <groups>
    </groups>
    <test started-at="2025-02-17T10:59:32 EST" name="Test" finished-at="2025-02-17T11:01:30 EST" duration-ms="118341">
      <class name="test.Register">
        <test-method is-config="true" signature="setup()[pri:0, instance:test.Register@77888435]" started-at="2025-02-17T10:59:32 EST" name="setup" finished-at="2025-02-17T10:59:39 EST" duration-ms="6766" status="PASS">
          <reporter-output>
          </reporter-output>
        </test-method> <!-- setup -->
        <test-method signature="verifyRegisteringUsingMandatoryFields()[pri:1, instance:test.Register@77888435]" started-at="2025-02-17T10:59:39 EST" name="verifyRegisteringUsingMandatoryFields" finished-at="2025-02-17T10:59:42 EST" duration-ms="2420" status="PASS">
          <reporter-output>
          </reporter-output>
        </test-method> <!-- verifyRegisteringUsingMandatoryFields -->
        <test-method is-config="true" signature="teardown()[pri:0, instance:test.Register@77888435]" started-at="2025-02-17T10:59:42 EST" name="teardown" finished-at="2025-02-17T10:59:42 EST" duration-ms="171" status="PASS">
          <reporter-output>
          </reporter-output>
        </test-method> <!-- teardown -->
        <test-method is-config="true" signature="setup()[pri:0, instance:test.Register@77888435]" started-at="2025-02-17T10:59:42 EST" name="setup" finished-at="2025-02-17T10:59:48 EST" duration-ms="5897" status="PASS">
          <reporter-output>
          </reporter-output>
        </test-method> <!-- setup -->
        <test-method signature="verifyRegisteringUsingAllFields()[pri:2, instance:test.Register@77888435]" started-at="2025-02-17T10:59:48 EST" name="verifyRegisteringUsingAllFields" finished-at="2025-02-17T10:59:50 EST" duration-ms="2400" status="PASS">
          <reporter-output>
          </reporter-output>
        </test-method> <!-- verifyRegisteringUsingAllFields -->
        <test-method is-config="true" signature="teardown()[pri:0, instance:test.Register@77888435]" started-at="2025-02-17T10:59:50 EST" name="teardown" finished-at="2025-02-17T10:59:50 EST" duration-ms="143" status="PASS">
          <reporter-output>
          </reporter-output>
        </test-method> <!-- teardown -->
        <test-method is-config="true" signature="setup()[pri:0, instance:test.Register@77888435]" started-at="2025-02-17T10:59:50 EST" name="setup" finished-at="2025-02-17T10:59:57 EST" duration-ms="6835" status="PASS">
          <reporter-output>
          </reporter-output>
        </test-method> <!-- setup -->
        <test-method signature="verifyRegisteringAccountByUsingYesNewsletterOption()[pri:3, instance:test.Register@77888435]" started-at="2025-02-17T10:59:57 EST" name="verifyRegisteringAccountByUsingYesNewsletterOption" finished-at="2025-02-17T11:00:00 EST" duration-ms="3207" status="PASS">
          <reporter-output>
          </reporter-output>
        </test-method> <!-- verifyRegisteringAccountByUsingYesNewsletterOption -->
        <test-method is-config="true" signature="teardown()[pri:0, instance:test.Register@77888435]" started-at="2025-02-17T11:00:00 EST" name="teardown" finished-at="2025-02-17T11:00:00 EST" duration-ms="158" status="PASS">
          <reporter-output>
          </reporter-output>
        </test-method> <!-- teardown -->
        <test-method is-config="true" signature="setup()[pri:0, instance:test.Register@77888435]" started-at="2025-02-17T11:00:00 EST" name="setup" finished-at="2025-02-17T11:00:08 EST" duration-ms="7580" status="PASS">
          <reporter-output>
          </reporter-output>
        </test-method> <!-- setup -->
        <test-method signature="verifyRegisteringAccountByUsingNoNewsletterOption()[pri:4, instance:test.Register@77888435]" started-at="2025-02-17T11:00:08 EST" name="verifyRegisteringAccountByUsingNoNewsletterOption" finished-at="2025-02-17T11:00:11 EST" duration-ms="3017" status="PASS">
          <reporter-output>
          </reporter-output>
        </test-method> <!-- verifyRegisteringAccountByUsingNoNewsletterOption -->
        <test-method is-config="true" signature="teardown()[pri:0, instance:test.Register@77888435]" started-at="2025-02-17T11:00:11 EST" name="teardown" finished-at="2025-02-17T11:00:11 EST" duration-ms="146" status="PASS">
          <reporter-output>
          </reporter-output>
        </test-method> <!-- teardown -->
        <test-method is-config="true" signature="setup()[pri:0, instance:test.Register@77888435]" started-at="2025-02-17T11:00:11 EST" name="setup" finished-at="2025-02-17T11:00:17 EST" duration-ms="6037" status="PASS">
          <reporter-output>
          </reporter-output>
        </test-method> <!-- setup -->
        <test-method signature="verifyPrivacyPolicySelectionStatusInRegisteringAccountPage()[pri:5, instance:test.Register@77888435]" started-at="2025-02-17T11:00:17 EST" name="verifyPrivacyPolicySelectionStatusInRegisteringAccountPage" finished-at="2025-02-17T11:00:17 EST" duration-ms="41" status="FAIL">
          <exception class="java.lang.AssertionError">
            <message>
              <![CDATA[expected [true] but found [false]]]>
            </message>
            <full-stacktrace>
              <![CDATA[java.lang.AssertionError: expected [true] but found [false]
at org.testng.Assert.fail(Assert.java:111)
at org.testng.Assert.failNotEquals(Assert.java:1578)
at org.testng.Assert.assertTrue(Assert.java:57)
at org.testng.Assert.assertTrue(Assert.java:67)
at test.Register.verifyPrivacyPolicySelectionStatusInRegisteringAccountPage(Register.java:109)
at java.base/jdk.internal.reflect.DirectMethodHandleAccessor.invoke(DirectMethodHandleAccessor.java:103)
at java.base/java.lang.reflect.Method.invoke(Method.java:580)
at org.testng.internal.invokers.MethodInvocationHelper.invokeMethod(MethodInvocationHelper.java:141)
at org.testng.internal.invokers.TestInvoker.invokeMethod(TestInvoker.java:686)
at org.testng.internal.invokers.TestInvoker.invokeTestMethod(TestInvoker.java:230)
at org.testng.internal.invokers.MethodRunner.runInSequence(MethodRunner.java:63)
at org.testng.internal.invokers.TestInvoker$MethodInvocationAgent.invoke(TestInvoker.java:992)
at org.testng.internal.invokers.TestInvoker.invokeTestMethods(TestInvoker.java:203)
at org.testng.internal.invokers.TestMethodWorker.invokeTestMethods(TestMethodWorker.java:154)
at org.testng.internal.invokers.TestMethodWorker.run(TestMethodWorker.java:134)
at java.base/java.util.ArrayList.forEach(ArrayList.java:1596)
at org.testng.TestRunner.privateRun(TestRunner.java:739)
at org.testng.TestRunner.run(TestRunner.java:614)
at org.testng.SuiteRunner.runTest(SuiteRunner.java:421)
at org.testng.SuiteRunner.runSequentially(SuiteRunner.java:413)
at org.testng.SuiteRunner.privateRun(SuiteRunner.java:373)
at org.testng.SuiteRunner.run(SuiteRunner.java:312)
at org.testng.SuiteRunnerWorker.runSuite(SuiteRunnerWorker.java:52)
at org.testng.SuiteRunnerWorker.run(SuiteRunnerWorker.java:95)
at org.testng.TestNG.runSuitesSequentially(TestNG.java:1274)
at org.testng.TestNG.runSuitesLocally(TestNG.java:1208)
at org.testng.TestNG.runSuites(TestNG.java:1112)
at org.testng.TestNG.run(TestNG.java:1079)
at org.testng.remote.AbstractRemoteTestNG.run(AbstractRemoteTestNG.java:115)
at org.testng.remote.RemoteTestNG.initAndRun(RemoteTestNG.java:293)
at org.testng.remote.RemoteTestNG.main(RemoteTestNG.java:91)
]]>
            </full-stacktrace>
          </exception> <!-- java.lang.AssertionError -->
          <reporter-output>
          </reporter-output>
        </test-method> <!-- verifyPrivacyPolicySelectionStatusInRegisteringAccountPage -->
        <test-method is-config="true" signature="teardown()[pri:0, instance:test.Register@77888435]" started-at="2025-02-17T11:00:17 EST" name="teardown" finished-at="2025-02-17T11:00:17 EST" duration-ms="138" status="PASS">
          <reporter-output>
          </reporter-output>
        </test-method> <!-- teardown -->
      </class> <!-- test.Register -->
      <class name="test.Search">
        <test-method is-config="true" signature="steup()[pri:0, instance:test.Search@7e6f74c]" started-at="2025-02-17T11:01:17 EST" name="steup" finished-at="2025-02-17T11:01:21 EST" duration-ms="3389" status="PASS">
          <reporter-output>
          </reporter-output>
        </test-method> <!-- steup -->
        <test-method signature="verifySearchingWithExistingProduct()[pri:1, instance:test.Search@7e6f74c]" started-at="2025-02-17T11:01:21 EST" name="verifySearchingWithExistingProduct" finished-at="2025-02-17T11:01:21 EST" duration-ms="809" status="PASS">
          <reporter-output>
          </reporter-output>
        </test-method> <!-- verifySearchingWithExistingProduct -->
        <test-method is-config="true" signature="teardown()[pri:0, instance:test.Search@7e6f74c]" started-at="2025-02-17T11:01:21 EST" name="teardown" finished-at="2025-02-17T11:01:22 EST" duration-ms="159" status="PASS">
          <reporter-output>
          </reporter-output>
        </test-method> <!-- teardown -->
        <test-method is-config="true" signature="steup()[pri:0, instance:test.Search@7e6f74c]" started-at="2025-02-17T11:01:22 EST" name="steup" finished-at="2025-02-17T11:01:26 EST" duration-ms="4075" status="PASS">
          <reporter-output>
          </reporter-output>
        </test-method> <!-- steup -->
        <test-method signature="verifySearchingWithNonExistingProduct()[pri:2, instance:test.Search@7e6f74c]" started-at="2025-02-17T11:01:26 EST" name="verifySearchingWithNonExistingProduct" finished-at="2025-02-17T11:01:26 EST" duration-ms="681" status="PASS">
          <reporter-output>
          </reporter-output>
        </test-method> <!-- verifySearchingWithNonExistingProduct -->
        <test-method is-config="true" signature="teardown()[pri:0, instance:test.Search@7e6f74c]" started-at="2025-02-17T11:01:26 EST" name="teardown" finished-at="2025-02-17T11:01:26 EST" duration-ms="139" status="PASS">
          <reporter-output>
          </reporter-output>
        </test-method> <!-- teardown -->
        <test-method is-config="true" signature="steup()[pri:0, instance:test.Search@7e6f74c]" started-at="2025-02-17T11:01:26 EST" name="steup" finished-at="2025-02-17T11:01:30 EST" duration-ms="3372" status="PASS">
          <reporter-output>
          </reporter-output>
        </test-method> <!-- steup -->
        <test-method signature="verifySearchingWithoutProvidingProduct()[pri:3, instance:test.Search@7e6f74c]" started-at="2025-02-17T11:01:30 EST" name="verifySearchingWithoutProvidingProduct" finished-at="2025-02-17T11:01:30 EST" duration-ms="458" status="PASS">
          <reporter-output>
          </reporter-output>
        </test-method> <!-- verifySearchingWithoutProvidingProduct -->
        <test-method is-config="true" signature="teardown()[pri:0, instance:test.Search@7e6f74c]" started-at="2025-02-17T11:01:30 EST" name="teardown" finished-at="2025-02-17T11:01:30 EST" duration-ms="149" status="PASS">
          <reporter-output>
          </reporter-output>
        </test-method> <!-- teardown -->
      </class> <!-- test.Search -->
      <class name="test.Login">
        <test-method is-config="true" signature="setup()[pri:0, instance:test.Login@44c03695]" started-at="2025-02-17T11:00:18 EST" name="setup" finished-at="2025-02-17T11:00:24 EST" duration-ms="5694" status="PASS">
          <reporter-output>
          </reporter-output>
        </test-method> <!-- setup -->
        <test-method signature="verifyLoggingIntoApplicationUsingValidCredentials(java.util.HashMap)[pri:1, instance:test.Login@44c03695]" started-at="2025-02-17T11:00:24 EST" name="verifyLoggingIntoApplicationUsingValidCredentials" data-provider="validCredentialsSupplier" finished-at="2025-02-17T11:00:25 EST" duration-ms="1259" status="PASS">
          <params>
            <param index="0">
              <value>
                <![CDATA[{Email=amotooribatch5fone1@gmail.com, Password=abcde}]]>
              </value>
            </param>
          </params>
          <reporter-output>
          </reporter-output>
        </test-method> <!-- verifyLoggingIntoApplicationUsingValidCredentials -->
        <test-method is-config="true" signature="teardown()[pri:0, instance:test.Login@44c03695]" started-at="2025-02-17T11:00:25 EST" name="teardown" finished-at="2025-02-17T11:00:25 EST" duration-ms="133" status="PASS">
          <reporter-output>
          </reporter-output>
        </test-method> <!-- teardown -->
        <test-method is-config="true" signature="setup()[pri:0, instance:test.Login@44c03695]" started-at="2025-02-17T11:00:25 EST" name="setup" finished-at="2025-02-17T11:00:31 EST" duration-ms="5566" status="PASS">
          <reporter-output>
          </reporter-output>
        </test-method> <!-- setup -->
        <test-method signature="verifyLoggingIntoApplicationUsingValidCredentials(java.util.HashMap)[pri:1, instance:test.Login@44c03695]" started-at="2025-02-17T11:00:31 EST" name="verifyLoggingIntoApplicationUsingValidCredentials" data-provider="validCredentialsSupplier" finished-at="2025-02-17T11:00:32 EST" duration-ms="1266" status="PASS">
          <params>
            <param index="0">
              <value>
                <![CDATA[{Email=amotooribatch5fone2@gmail.com, Password=abcde}]]>
              </value>
            </param>
          </params>
          <reporter-output>
          </reporter-output>
        </test-method> <!-- verifyLoggingIntoApplicationUsingValidCredentials -->
        <test-method is-config="true" signature="teardown()[pri:0, instance:test.Login@44c03695]" started-at="2025-02-17T11:00:32 EST" name="teardown" finished-at="2025-02-17T11:00:32 EST" duration-ms="158" status="PASS">
          <reporter-output>
          </reporter-output>
        </test-method> <!-- teardown -->
        <test-method is-config="true" signature="setup()[pri:0, instance:test.Login@44c03695]" started-at="2025-02-17T11:00:32 EST" name="setup" finished-at="2025-02-17T11:00:38 EST" duration-ms="5715" status="PASS">
          <reporter-output>
          </reporter-output>
        </test-method> <!-- setup -->
        <test-method signature="verifyLoggingIntoApplicationUsingValidCredentials(java.util.HashMap)[pri:1, instance:test.Login@44c03695]" started-at="2025-02-17T11:00:38 EST" name="verifyLoggingIntoApplicationUsingValidCredentials" data-provider="validCredentialsSupplier" finished-at="2025-02-17T11:00:39 EST" duration-ms="1248" status="PASS">
          <params>
            <param index="0">
              <value>
                <![CDATA[{Email=amotooribatch5fone3@gmail.com, Password=abcde}]]>
              </value>
            </param>
          </params>
          <reporter-output>
          </reporter-output>
        </test-method> <!-- verifyLoggingIntoApplicationUsingValidCredentials -->
        <test-method is-config="true" signature="teardown()[pri:0, instance:test.Login@44c03695]" started-at="2025-02-17T11:00:39 EST" name="teardown" finished-at="2025-02-17T11:00:39 EST" duration-ms="153" status="PASS">
          <reporter-output>
          </reporter-output>
        </test-method> <!-- teardown -->
        <test-method is-config="true" signature="setup()[pri:0, instance:test.Login@44c03695]" started-at="2025-02-17T11:00:39 EST" name="setup" finished-at="2025-02-17T11:00:45 EST" duration-ms="5601" status="PASS">
          <reporter-output>
          </reporter-output>
        </test-method> <!-- setup -->
        <test-method signature="verifyLoggingIntoApplicationUsingValidCredentials(java.util.HashMap)[pri:1, instance:test.Login@44c03695]" started-at="2025-02-17T11:00:45 EST" name="verifyLoggingIntoApplicationUsingValidCredentials" data-provider="validCredentialsSupplier" finished-at="2025-02-17T11:00:46 EST" duration-ms="1248" status="PASS">
          <params>
            <param index="0">
              <value>
                <![CDATA[{Email=amotooribatch5fone4@gmail.com, Password=abcde}]]>
              </value>
            </param>
          </params>
          <reporter-output>
          </reporter-output>
        </test-method> <!-- verifyLoggingIntoApplicationUsingValidCredentials -->
        <test-method is-config="true" signature="teardown()[pri:0, instance:test.Login@44c03695]" started-at="2025-02-17T11:00:46 EST" name="teardown" finished-at="2025-02-17T11:00:46 EST" duration-ms="165" status="PASS">
          <reporter-output>
          </reporter-output>
        </test-method> <!-- teardown -->
        <test-method is-config="true" signature="setup()[pri:0, instance:test.Login@44c03695]" started-at="2025-02-17T11:00:46 EST" name="setup" finished-at="2025-02-17T11:00:52 EST" duration-ms="5533" status="PASS">
          <reporter-output>
          </reporter-output>
        </test-method> <!-- setup -->
        <test-method signature="verifyLoggingIntoApplicationUsingValidCredentials(java.util.HashMap)[pri:1, instance:test.Login@44c03695]" started-at="2025-02-17T11:00:52 EST" name="verifyLoggingIntoApplicationUsingValidCredentials" data-provider="validCredentialsSupplier" finished-at="2025-02-17T11:00:53 EST" duration-ms="1520" status="PASS">
          <params>
            <param index="0">
              <value>
                <![CDATA[{Email=amotooribatch5fone5@gmail.com, Password=abcde}]]>
              </value>
            </param>
          </params>
          <reporter-output>
          </reporter-output>
        </test-method> <!-- verifyLoggingIntoApplicationUsingValidCredentials -->
        <test-method is-config="true" signature="teardown()[pri:0, instance:test.Login@44c03695]" started-at="2025-02-17T11:00:53 EST" name="teardown" finished-at="2025-02-17T11:00:53 EST" duration-ms="144" status="PASS">
          <reporter-output>
          </reporter-output>
        </test-method> <!-- teardown -->
        <test-method is-config="true" signature="setup()[pri:0, instance:test.Login@44c03695]" started-at="2025-02-17T11:00:53 EST" name="setup" finished-at="2025-02-17T11:00:59 EST" duration-ms="5541" status="PASS">
          <reporter-output>
          </reporter-output>
        </test-method> <!-- setup -->
        <test-method signature="verifyLoggingIntoApplicationUsingInValidCredentials()[pri:2, instance:test.Login@44c03695]" started-at="2025-02-17T11:00:59 EST" name="verifyLoggingIntoApplicationUsingInValidCredentials" finished-at="2025-02-17T11:01:00 EST" duration-ms="936" status="PASS">
          <reporter-output>
          </reporter-output>
        </test-method> <!-- verifyLoggingIntoApplicationUsingInValidCredentials -->
        <test-method is-config="true" signature="teardown()[pri:0, instance:test.Login@44c03695]" started-at="2025-02-17T11:01:00 EST" name="teardown" finished-at="2025-02-17T11:01:00 EST" duration-ms="165" status="PASS">
          <reporter-output>
          </reporter-output>
        </test-method> <!-- teardown -->
        <test-method is-config="true" signature="setup()[pri:0, instance:test.Login@44c03695]" started-at="2025-02-17T11:01:00 EST" name="setup" finished-at="2025-02-17T11:01:05 EST" duration-ms="5531" status="PASS">
          <reporter-output>
          </reporter-output>
        </test-method> <!-- setup -->
        <test-method signature="verifyLoggingIntoApplicationUsingInValidEmailAndValidPassword()[pri:3, instance:test.Login@44c03695]" started-at="2025-02-17T11:01:05 EST" name="verifyLoggingIntoApplicationUsingInValidEmailAndValidPassword" finished-at="2025-02-17T11:01:07 EST" duration-ms="1344" status="PASS">
          <reporter-output>
          </reporter-output>
        </test-method> <!-- verifyLoggingIntoApplicationUsingInValidEmailAndValidPassword -->
        <test-method is-config="true" signature="teardown()[pri:0, instance:test.Login@44c03695]" started-at="2025-02-17T11:01:07 EST" name="teardown" finished-at="2025-02-17T11:01:07 EST" duration-ms="174" status="PASS">
          <reporter-output>
          </reporter-output>
        </test-method> <!-- teardown -->
        <test-method is-config="true" signature="setup()[pri:0, instance:test.Login@44c03695]" started-at="2025-02-17T11:01:07 EST" name="setup" finished-at="2025-02-17T11:01:11 EST" duration-ms="4244" status="PASS">
          <reporter-output>
          </reporter-output>
        </test-method> <!-- setup -->
        <test-method signature="verifyLoggingIntoApplicationUsingValidEmailAndInvalidPassword()[pri:4, instance:test.Login@44c03695]" started-at="2025-02-17T11:01:11 EST" name="verifyLoggingIntoApplicationUsingValidEmailAndInvalidPassword" finished-at="2025-02-17T11:01:12 EST" duration-ms="984" status="PASS">
          <reporter-output>
          </reporter-output>
        </test-method> <!-- verifyLoggingIntoApplicationUsingValidEmailAndInvalidPassword -->
        <test-method is-config="true" signature="teardown()[pri:0, instance:test.Login@44c03695]" started-at="2025-02-17T11:01:12 EST" name="teardown" finished-at="2025-02-17T11:01:12 EST" duration-ms="170" status="PASS">
          <reporter-output>
          </reporter-output>
        </test-method> <!-- teardown -->
        <test-method is-config="true" signature="setup()[pri:0, instance:test.Login@44c03695]" started-at="2025-02-17T11:01:12 EST" name="setup" finished-at="2025-02-17T11:01:16 EST" duration-ms="3849" status="PASS">
          <reporter-output>
          </reporter-output>
        </test-method> <!-- setup -->
        <test-method signature="verifyLoggingIntoApplicationUsingWithoutEnteringCredentials()[pri:5, instance:test.Login@44c03695]" started-at="2025-02-17T11:01:16 EST" name="verifyLoggingIntoApplicationUsingWithoutEnteringCredentials" finished-at="2025-02-17T11:01:17 EST" duration-ms="779" status="PASS">
          <reporter-output>
          </reporter-output>
        </test-method> <!-- verifyLoggingIntoApplicationUsingWithoutEnteringCredentials -->
        <test-method is-config="true" signature="teardown()[pri:0, instance:test.Login@44c03695]" started-at="2025-02-17T11:01:17 EST" name="teardown" finished-at="2025-02-17T11:01:17 EST" duration-ms="166" status="PASS">
          <reporter-output>
          </reporter-output>
        </test-method> <!-- teardown -->
      </class> <!-- test.Login -->
    </test> <!-- Test -->
  </suite> <!-- Suite -->
</testng-results>
